<?xml version="1.0" encoding="UTF-8"?>
<!-- Generated by org.testng.reporters.JUnitXMLReporter -->
<testsuite ignored="0" hostname="DESKTOP-H706BJI" failures="3" tests="6" name="Test" time="0.158" errors="0" timestamp="2020-03-25T08:12:33 IST">
  <testcase classname="cts.testing.practice.LearningAttributes" name="TestB" time="0.026">
    <failure type="java.lang.AssertionError" message="expected [yaho1] but found [yahoo]">
      <![CDATA[java.lang.AssertionError: expected [yaho1] but found [yahoo]
at cts.testing.practice.LearningAttributes.TestB(LearningAttributes.java:13)
at java.base/java.util.concurrent.FutureTask.run(FutureTask.java:264)
at java.base/java.util.concurrent.ThreadPoolExecutor.runWorker(ThreadPoolExecutor.java:1128)
at java.base/java.util.concurrent.ThreadPoolExecutor$Worker.run(ThreadPoolExecutor.java:628)
at java.base/java.lang.Thread.run(Thread.java:830)
... Removed 13 stack frames]]>
    </failure>
  </testcase> <!-- TestB -->
  <testcase classname="cts.testing.practice.LearningAttributes" name="TestC" time="0.004">
    <failure type="java.lang.AssertionError" message="expected [googleq1] but found [google]">
      <![CDATA[java.lang.AssertionError: expected [googleq1] but found [google]
at cts.testing.practice.LearningAttributes.TestC(LearningAttributes.java:9)
at java.base/java.util.ArrayList.forEach(ArrayList.java:1507)
... Removed 32 stack frames]]>
    </failure>
  </testcase> <!-- TestC -->
  <testcase classname="cts.testing.practice.LearningAttributes" name="TestA" time="0.005"/>
  <testcase classname="cts.testing.practice.Sample" name="TestB" time="0.006">
    <failure type="java.lang.AssertionError" message="expected [yaho1] but found [yahoo]">
      <![CDATA[java.lang.AssertionError: expected [yaho1] but found [yahoo]
at cts.testing.practice.Sample.TestB(Sample.java:13)
at java.base/java.util.concurrent.FutureTask.run(FutureTask.java:264)
at java.base/java.util.concurrent.ThreadPoolExecutor.runWorker(ThreadPoolExecutor.java:1128)
at java.base/java.util.concurrent.ThreadPoolExecutor$Worker.run(ThreadPoolExecutor.java:628)
at java.base/java.lang.Thread.run(Thread.java:830)
... Removed 13 stack frames]]>
    </failure>
  </testcase> <!-- TestB -->
  <testcase classname="cts.testing.practice.Sample" name="TestC" time="0.008"/>
  <testcase classname="cts.testing.practice.Sample" name="TestA" time="0.003"/>
</testsuite> <!-- Test -->
